Started GET "/" for 127.0.0.1 at 2023-06-22 22:19:52 -0400
Processing by Rails::WelcomeController#index as HTML
  Rendering /home/raul-gall/.rbenv/versions/3.1.1/lib/ruby/gems/3.1.0/gems/railties-7.0.5/lib/rails/templates/rails/welcome/index.html.erb
  Rendered /home/raul-gall/.rbenv/versions/3.1.1/lib/ruby/gems/3.1.0/gems/railties-7.0.5/lib/rails/templates/rails/welcome/index.html.erb (Duration: 27.1ms | Allocations: 636)
Completed 200 OK in 161ms (Views: 121.3ms | ActiveRecord: 0.0ms | Allocations: 7124)


Started GET "/home" for 127.0.0.1 at 2023-06-22 22:20:06 -0400
  
ActionController::RoutingError (No route matches [GET] "/home"):
  
Started GET "/home" for 127.0.0.1 at 2023-06-22 22:28:39 -0400
  
ActionController::RoutingError (No route matches [GET] "/home"):
  
Started GET "/home" for 127.0.0.1 at 2023-06-22 22:28:43 -0400
  
ActionController::RoutingError (No route matches [GET] "/home"):
  
Started GET "/pages" for 127.0.0.1 at 2023-06-22 22:28:55 -0400
  
ActionController::RoutingError (No route matches [GET] "/pages"):
  
Started GET "/home" for 127.0.0.1 at 2023-06-22 22:31:36 -0400
  
ActionController::RoutingError (No route matches [GET] "/home"):
  
Started GET "/home" for 127.0.0.1 at 2023-06-22 22:34:02 -0400
  
ActionController::RoutingError (No route matches [GET] "/home"):
  
Started GET "/contact" for 127.0.0.1 at 2023-06-22 22:34:45 -0400
  
ActionController::RoutingError (No route matches [GET] "/contact"):
  
Started GET "/pages/projects" for 127.0.0.1 at 2023-06-22 22:34:54 -0400
Processing by PagesController#projects as HTML
  Rendering layout layouts/application.html.erb
  Rendering pages/projects.html.erb within layouts/application
  Rendered pages/projects.html.erb within layouts/application (Duration: 0.5ms | Allocations: 124)
  Rendered layout layouts/application.html.erb (Duration: 319.4ms | Allocations: 93850)
Completed 200 OK in 329ms (Views: 321.4ms | ActiveRecord: 0.0ms | Allocations: 96177)


Started GET "/app/assets/images/suricata.png" for 127.0.0.1 at 2023-06-22 22:34:55 -0400
  
ActionController::RoutingError (No route matches [GET] "/app/assets/images/suricata.png"):
  
Started GET "/pages/..." for 127.0.0.1 at 2023-06-22 22:34:55 -0400
  
ActionController::RoutingError (No route matches [GET] "/pages/..."):
  
Started GET "/app/assets/images/suricata.png" for 127.0.0.1 at 2023-06-22 22:35:01 -0400
  
ActionController::RoutingError (No route matches [GET] "/app/assets/images/suricata.png"):
  
Started GET "/pages/..." for 127.0.0.1 at 2023-06-22 22:35:01 -0400
  
ActionController::RoutingError (No route matches [GET] "/pages/..."):
  
Started GET "/app/assets/images/suricata.png" for 127.0.0.1 at 2023-06-22 22:35:02 -0400
Started GET "/pages/..." for 127.0.0.1 at 2023-06-22 22:35:02 -0400
  
ActionController::RoutingError (No route matches [GET] "/pages/..."):
  
  
ActionController::RoutingError (No route matches [GET] "/app/assets/images/suricata.png"):
  
Started GET "/app/assets/images/suricata.png" for 127.0.0.1 at 2023-06-22 22:35:03 -0400
  
ActionController::RoutingError (No route matches [GET] "/app/assets/images/suricata.png"):
  
Started GET "/pages/..." for 127.0.0.1 at 2023-06-22 22:35:03 -0400
  
ActionController::RoutingError (No route matches [GET] "/pages/..."):
  
Started GET "/app/assets/images/suricata.png" for 127.0.0.1 at 2023-06-22 22:35:04 -0400
Started GET "/pages/..." for 127.0.0.1 at 2023-06-22 22:35:04 -0400
  
ActionController::RoutingError (No route matches [GET] "/pages/..."):
  
  
ActionController::RoutingError (No route matches [GET] "/app/assets/images/suricata.png"):
  
Started GET "/app/assets/images/suricata.png" for 127.0.0.1 at 2023-06-22 22:35:07 -0400
Started GET "/pages/..." for 127.0.0.1 at 2023-06-22 22:35:07 -0400
  
ActionController::RoutingError (No route matches [GET] "/app/assets/images/suricata.png"):
  
  
ActionController::RoutingError (No route matches [GET] "/pages/..."):
  
Started GET "/app/assets/images/suricata.png" for 127.0.0.1 at 2023-06-22 22:38:55 -0400
Started GET "/pages/..." for 127.0.0.1 at 2023-06-22 22:38:55 -0400
  
ActionController::RoutingError (No route matches [GET] "/app/assets/images/suricata.png"):
  
  
ActionController::RoutingError (No route matches [GET] "/pages/..."):
  
Started GET "/pages/home" for 127.0.0.1 at 2023-06-22 22:38:56 -0400
Processing by PagesController#home as HTML
  Rendering layout layouts/application.html.erb
  Rendering pages/home.html.erb within layouts/application
  Rendered pages/home.html.erb within layouts/application (Duration: 0.4ms | Allocations: 125)
  Rendered layout layouts/application.html.erb (Duration: 21.7ms | Allocations: 3113)
Completed 200 OK in 32ms (Views: 24.3ms | Allocations: 3990)


Started GET "/app/assets/images/suricata.png" for 127.0.0.1 at 2023-06-22 22:38:56 -0400
Started GET "/pages/..." for 127.0.0.1 at 2023-06-22 22:38:56 -0400
  
ActionController::RoutingError (No route matches [GET] "/pages/..."):
  
  
ActionController::RoutingError (No route matches [GET] "/app/assets/images/suricata.png"):
  
Started GET "/pages/home" for 127.0.0.1 at 2023-06-22 22:38:58 -0400
Processing by PagesController#home as HTML
  Rendering layout layouts/application.html.erb
  Rendering pages/home.html.erb within layouts/application
  Rendered pages/home.html.erb within layouts/application (Duration: 0.1ms | Allocations: 7)
  Rendered layout layouts/application.html.erb (Duration: 3.9ms | Allocations: 2415)
Completed 200 OK in 6ms (Views: 4.7ms | Allocations: 2696)


Started GET "/app/assets/images/suricata.png" for 127.0.0.1 at 2023-06-22 22:38:58 -0400
  
ActionController::RoutingError (No route matches [GET] "/app/assets/images/suricata.png"):
  
Started GET "/pages/..." for 127.0.0.1 at 2023-06-22 22:38:58 -0400
  
ActionController::RoutingError (No route matches [GET] "/pages/..."):
  
Started GET "/app/assets/images/suricata.png" for 127.0.0.1 at 2023-06-22 22:39:00 -0400
  
ActionController::RoutingError (No route matches [GET] "/app/assets/images/suricata.png"):
  
Started GET "/pages/..." for 127.0.0.1 at 2023-06-22 22:39:00 -0400
  
ActionController::RoutingError (No route matches [GET] "/pages/..."):
  
Started GET "/app/assets/images/suricata.png" for 127.0.0.1 at 2023-06-22 22:39:01 -0400
Started GET "/pages/..." for 127.0.0.1 at 2023-06-22 22:39:01 -0400
  
ActionController::RoutingError (No route matches [GET] "/pages/..."):
  
  
ActionController::RoutingError (No route matches [GET] "/app/assets/images/suricata.png"):
  
Started GET "/app/assets/images/suricata.png" for 127.0.0.1 at 2023-06-22 22:39:02 -0400
Started GET "/pages/..." for 127.0.0.1 at 2023-06-22 22:39:02 -0400
  
ActionController::RoutingError (No route matches [GET] "/app/assets/images/suricata.png"):
  
  
ActionController::RoutingError (No route matches [GET] "/pages/..."):
  
Started GET "/app/assets/images/suricata.png" for 127.0.0.1 at 2023-06-22 22:39:03 -0400
Started GET "/pages/..." for 127.0.0.1 at 2023-06-22 22:39:03 -0400
  
ActionController::RoutingError (No route matches [GET] "/app/assets/images/suricata.png"):
  
  
ActionController::RoutingError (No route matches [GET] "/pages/..."):
  
Started GET "/app/assets/images/suricata.png" for 127.0.0.1 at 2023-06-22 22:39:04 -0400
Started GET "/pages/..." for 127.0.0.1 at 2023-06-22 22:39:04 -0400
  
ActionController::RoutingError (No route matches [GET] "/app/assets/images/suricata.png"):
  
  
ActionController::RoutingError (No route matches [GET] "/pages/..."):
  
Started GET "/pages/home" for 127.0.0.1 at 2023-06-22 22:51:51 -0400
Processing by PagesController#home as HTML
  Rendering layout layouts/application.html.erb
  Rendering pages/home.html.erb within layouts/application
  Rendered pages/home.html.erb within layouts/application (Duration: 0.9ms | Allocations: 123)
  Rendered layout layouts/application.html.erb (Duration: 30.3ms | Allocations: 5021)
Completed 200 OK in 37ms (Views: 34.7ms | Allocations: 5919)


Started GET "/app/assets/images/suricata.png" for 127.0.0.1 at 2023-06-22 22:51:51 -0400
Started GET "/pages/..." for 127.0.0.1 at 2023-06-22 22:51:51 -0400
  
ActionController::RoutingError (No route matches [GET] "/app/assets/images/suricata.png"):
  
  
ActionController::RoutingError (No route matches [GET] "/pages/..."):
  
Started GET "/pages/home" for 127.0.0.1 at 2023-06-22 22:54:26 -0400
Processing by PagesController#home as HTML
  Rendering layout layouts/application.html.erb
  Rendering pages/home.html.erb within layouts/application
  Rendered pages/home.html.erb within layouts/application (Duration: 0.8ms | Allocations: 123)
  Rendered layout layouts/application.html.erb (Duration: 8.5ms | Allocations: 3597)
Completed 200 OK in 12ms (Views: 10.9ms | Allocations: 4510)


Started GET "/pages/..." for 127.0.0.1 at 2023-06-22 22:54:26 -0400
  
ActionController::RoutingError (No route matches [GET] "/pages/..."):
  
Started GET "/pages/home" for 127.0.0.1 at 2023-06-22 22:56:25 -0400
Processing by PagesController#home as HTML
  Rendering layout layouts/application.html.erb
  Rendering pages/home.html.erb within layouts/application
  Rendered pages/home.html.erb within layouts/application (Duration: 0.5ms | Allocations: 124)
  Rendered layout layouts/application.html.erb (Duration: 15.2ms | Allocations: 3636)
Completed 200 OK in 19ms (Views: 17.3ms | Allocations: 4551)


Started GET "/pages/..." for 127.0.0.1 at 2023-06-22 22:56:25 -0400
  
ActionController::RoutingError (No route matches [GET] "/pages/..."):
  
Started GET "/pages/home" for 127.0.0.1 at 2023-06-22 22:57:32 -0400
Processing by PagesController#home as HTML
  Rendering layout layouts/application.html.erb
  Rendering pages/home.html.erb within layouts/application
  Rendered pages/home.html.erb within layouts/application (Duration: 0.5ms | Allocations: 123)
  Rendered layout layouts/application.html.erb (Duration: 20.5ms | Allocations: 5072)
Completed 200 OK in 24ms (Views: 22.6ms | Allocations: 5986)


Started GET "/pages/..." for 127.0.0.1 at 2023-06-22 22:57:32 -0400
  
ActionController::RoutingError (No route matches [GET] "/pages/..."):
  
Started GET "/pages/home" for 127.0.0.1 at 2023-06-22 22:58:40 -0400
Processing by PagesController#home as HTML
  Rendering layout layouts/application.html.erb
  Rendering pages/home.html.erb within layouts/application
  Rendered pages/home.html.erb within layouts/application (Duration: 0.1ms | Allocations: 7)
  Rendered layout layouts/application.html.erb (Duration: 14.2ms | Allocations: 2852)
Completed 200 OK in 21ms (Views: 17.4ms | Allocations: 3128)


Started GET "/pages/..." for 127.0.0.1 at 2023-06-22 22:58:40 -0400
  
ActionController::RoutingError (No route matches [GET] "/pages/..."):
  
Started GET "/pages/home" for 127.0.0.1 at 2023-06-22 22:58:41 -0400
Processing by PagesController#home as HTML
  Rendering layout layouts/application.html.erb
  Rendering pages/home.html.erb within layouts/application
  Rendered pages/home.html.erb within layouts/application (Duration: 0.0ms | Allocations: 7)
  Rendered layout layouts/application.html.erb (Duration: 9.4ms | Allocations: 2861)
Completed 200 OK in 10ms (Views: 10.0ms | Allocations: 3123)


Started GET "/pages/..." for 127.0.0.1 at 2023-06-22 22:58:41 -0400
  
ActionController::RoutingError (No route matches [GET] "/pages/..."):
  
Started GET "/pages/home" for 127.0.0.1 at 2023-06-22 22:59:52 -0400
Processing by PagesController#home as HTML
  Rendering layout layouts/application.html.erb
  Rendering pages/home.html.erb within layouts/application
  Rendered pages/home.html.erb within layouts/application (Duration: 0.5ms | Allocations: 123)
  Rendered layout layouts/application.html.erb (Duration: 10.6ms | Allocations: 3607)
Completed 200 OK in 14ms (Views: 12.9ms | Allocations: 4503)


Started GET "/pages/..." for 127.0.0.1 at 2023-06-22 22:59:52 -0400
  
ActionController::RoutingError (No route matches [GET] "/pages/..."):
  
Started GET "/pages/home" for 127.0.0.1 at 2023-06-22 23:00:38 -0400
Processing by PagesController#home as HTML
  Rendering layout layouts/application.html.erb
  Rendering pages/home.html.erb within layouts/application
  Rendered pages/home.html.erb within layouts/application (Duration: 0.5ms | Allocations: 123)
  Rendered layout layouts/application.html.erb (Duration: 10.1ms | Allocations: 3602)
Completed 200 OK in 13ms (Views: 11.8ms | Allocations: 4516)


Started GET "/pages/..." for 127.0.0.1 at 2023-06-22 23:00:38 -0400
  
ActionController::RoutingError (No route matches [GET] "/pages/..."):
  
Started GET "/pages/home" for 127.0.0.1 at 2023-06-22 23:06:17 -0400
Processing by PagesController#home as HTML
  Rendering layout layouts/application.html.erb
  Rendering pages/home.html.erb within layouts/application
  Rendered pages/home.html.erb within layouts/application (Duration: 0.5ms | Allocations: 7)
  Rendered layout layouts/application.html.erb (Duration: 25.8ms | Allocations: 4281)
Completed 200 OK in 30ms (Views: 28.8ms | Allocations: 4555)


Started GET "/pages/..." for 127.0.0.1 at 2023-06-22 23:06:17 -0400
  
ActionController::RoutingError (No route matches [GET] "/pages/..."):
  
Started GET "/pages/home" for 127.0.0.1 at 2023-06-22 23:28:30 -0400
Processing by PagesController#home as HTML
  Rendering layout layouts/application.html.erb
  Rendering pages/home.html.erb within layouts/application
  Rendered pages/home.html.erb within layouts/application (Duration: 1.2ms | Allocations: 124)
  Rendered layout layouts/application.html.erb (Duration: 25.9ms | Allocations: 5339)
Completed 500 Internal Server Error in 32ms (Allocations: 6228)


  
ActionView::Template::Error (The asset "postgres_pelicula1.png" is not present in the asset pipeline.
):
    47: 
    48: 
    49: <div class="card" style="width: 18rem;">
    50:    <%= image_tag 'postgres_pelicula1.png',  class:"card-img-top imagen" %>
    51:   <div class="card-body">
    52:     <h5 class="card-title">Postgres Pelicula1</h5>
    53:     <p class="card-text"> Proyecto de PostgreSQL con bases de datos</p>
  
app/views/layouts/application.html.erb:50
Started GET "/pages/home" for 127.0.0.1 at 2023-06-22 23:29:12 -0400
Processing by PagesController#home as HTML
  Rendering layout layouts/application.html.erb
  Rendering pages/home.html.erb within layouts/application
  Rendered pages/home.html.erb within layouts/application (Duration: 0.7ms | Allocations: 123)
  Rendered layout layouts/application.html.erb (Duration: 100.7ms | Allocations: 25612)
Completed 200 OK in 104ms (Views: 102.6ms | Allocations: 26526)


Started GET "/pages/..." for 127.0.0.1 at 2023-06-22 23:29:12 -0400
  
ActionController::RoutingError (No route matches [GET] "/pages/..."):
  
Started GET "/pages/home" for 127.0.0.1 at 2023-06-22 23:31:56 -0400
Processing by PagesController#home as HTML
  Rendering layout layouts/application.html.erb
  Rendering pages/home.html.erb within layouts/application
  Rendered pages/home.html.erb within layouts/application (Duration: 0.7ms | Allocations: 123)
  Rendered layout layouts/application.html.erb (Duration: 16.6ms | Allocations: 4510)
Completed 200 OK in 21ms (Views: 19.2ms | Allocations: 5457)


Started GET "/pages/home" for 127.0.0.1 at 2023-06-22 23:34:51 -0400
Processing by PagesController#home as HTML
  Rendering layout layouts/application.html.erb
  Rendering pages/home.html.erb within layouts/application
  Rendered pages/home.html.erb within layouts/application (Duration: 1.0ms | Allocations: 123)
  Rendered layout layouts/application.html.erb (Duration: 21.7ms | Allocations: 4499)
Completed 200 OK in 31ms (Views: 23.9ms | Allocations: 5420)


Started GET "/pages/home" for 127.0.0.1 at 2023-06-22 23:37:22 -0400
Processing by PagesController#home as HTML
  Rendering layout layouts/application.html.erb
  Rendering pages/home.html.erb within layouts/application
  Rendered pages/home.html.erb within layouts/application (Duration: 0.6ms | Allocations: 123)
  Rendered layout layouts/application.html.erb (Duration: 10.3ms | Allocations: 4490)
Completed 200 OK in 15ms (Views: 13.5ms | Allocations: 5423)


Started GET "/pages/home" for 127.0.0.1 at 2023-06-22 23:39:02 -0400
Processing by PagesController#home as HTML
  Rendering layout layouts/application.html.erb
  Rendering pages/home.html.erb within layouts/application
  Rendered pages/home.html.erb within layouts/application (Duration: 3.4ms | Allocations: 123)
  Rendered layout layouts/application.html.erb (Duration: 22.8ms | Allocations: 4534)
Completed 200 OK in 26ms (Views: 25.1ms | Allocations: 5455)


Started GET "/pages/home" for 127.0.0.1 at 2023-06-22 23:44:24 -0400
Processing by PagesController#home as HTML
  Rendering layout layouts/application.html.erb
  Rendering pages/home.html.erb within layouts/application
  Rendered pages/home.html.erb within layouts/application (Duration: 0.6ms | Allocations: 123)
  Rendered layout layouts/application.html.erb (Duration: 24.5ms | Allocations: 4479)
Completed 200 OK in 31ms (Views: 29.2ms | Allocations: 5400)


Started GET "/pages/home" for 127.0.0.1 at 2023-06-22 23:47:58 -0400
Processing by PagesController#home as HTML
  Rendering layout layouts/application.html.erb
  Rendering pages/home.html.erb within layouts/application
  Rendered pages/home.html.erb within layouts/application (Duration: 0.7ms | Allocations: 123)
  Rendered layout layouts/application.html.erb (Duration: 14.3ms | Allocations: 4495)
Completed 200 OK in 18ms (Views: 17.0ms | Allocations: 5416)


Started GET "/pages/home" for 127.0.0.1 at 2023-06-22 23:55:17 -0400
Processing by PagesController#home as HTML
  Rendering layout layouts/application.html.erb
  Rendering pages/home.html.erb within layouts/application
  Rendered pages/home.html.erb within layouts/application (Duration: 0.1ms | Allocations: 7)
  Rendered layout layouts/application.html.erb (Duration: 39.3ms | Allocations: 5179)
Completed 200 OK in 40ms (Views: 40.0ms | Allocations: 5455)


Started GET "/pages/home" for 127.0.0.1 at 2023-06-22 23:55:19 -0400
Processing by PagesController#home as HTML
  Rendering layout layouts/application.html.erb
  Rendering pages/home.html.erb within layouts/application
  Rendered pages/home.html.erb within layouts/application (Duration: 0.0ms | Allocations: 7)
  Rendered layout layouts/application.html.erb (Duration: 10.1ms | Allocations: 3724)
Completed 200 OK in 11ms (Views: 10.8ms | Allocations: 3983)


Started GET "/pages/home" for 127.0.0.1 at 2023-06-22 23:55:19 -0400
Processing by PagesController#home as HTML
  Rendering layout layouts/application.html.erb
  Rendering pages/home.html.erb within layouts/application
  Rendered pages/home.html.erb within layouts/application (Duration: 0.0ms | Allocations: 7)
  Rendered layout layouts/application.html.erb (Duration: 17.5ms | Allocations: 3741)
Completed 200 OK in 19ms (Views: 18.3ms | Allocations: 3997)


Started GET "/pages/home" for 127.0.0.1 at 2023-06-22 23:56:07 -0400
Processing by PagesController#home as HTML
  Rendering layout layouts/application.html.erb
  Rendering pages/home.html.erb within layouts/application
  Rendered pages/home.html.erb within layouts/application (Duration: 0.0ms | Allocations: 7)
  Rendered layout layouts/application.html.erb (Duration: 31.0ms | Allocations: 5113)
Completed 200 OK in 32ms (Views: 31.5ms | Allocations: 5369)


Started GET "/pages/home" for 127.0.0.1 at 2023-06-22 23:59:43 -0400
Processing by PagesController#home as HTML
  Rendering layout layouts/application.html.erb
  Rendering pages/home.html.erb within layouts/application
  Rendered pages/home.html.erb within layouts/application (Duration: 0.8ms | Allocations: 124)
  Rendered layout layouts/application.html.erb (Duration: 24.1ms | Allocations: 4637)
Completed 200 OK in 28ms (Views: 27.2ms | Allocations: 5544)


Started GET "/pages/contact" for 127.0.0.1 at 2023-06-22 23:59:47 -0400
Processing by PagesController#contact as HTML
  Rendering layout layouts/application.html.erb
  Rendering pages/contact.html.erb within layouts/application
  Rendered pages/contact.html.erb within layouts/application (Duration: 1.5ms | Allocations: 98)
  Rendered layout layouts/application.html.erb (Duration: 11.4ms | Allocations: 3908)
Completed 200 OK in 24ms (Views: 21.6ms | Allocations: 4238)


Started GET "/pages/projects" for 127.0.0.1 at 2023-06-22 23:59:49 -0400
Processing by PagesController#projects as HTML
  Rendering layout layouts/application.html.erb
  Rendering pages/projects.html.erb within layouts/application
  Rendered pages/projects.html.erb within layouts/application (Duration: 2.9ms | Allocations: 98)
  Rendered layout layouts/application.html.erb (Duration: 12.4ms | Allocations: 3890)
Completed 200 OK in 15ms (Views: 13.4ms | Allocations: 4202)


Started GET "/pages/home" for 127.0.0.1 at 2023-06-22 23:59:51 -0400
Processing by PagesController#home as HTML
  Rendering layout layouts/application.html.erb
  Rendering pages/home.html.erb within layouts/application
  Rendered pages/home.html.erb within layouts/application (Duration: 0.0ms | Allocations: 7)
  Rendered layout layouts/application.html.erb (Duration: 17.9ms | Allocations: 3818)
Completed 200 OK in 21ms (Views: 20.6ms | Allocations: 4076)


Started GET "/pages/projects" for 127.0.0.1 at 2023-06-22 23:59:52 -0400
Processing by PagesController#projects as HTML
  Rendering layout layouts/application.html.erb
  Rendering pages/projects.html.erb within layouts/application
  Rendered pages/projects.html.erb within layouts/application (Duration: 0.0ms | Allocations: 7)
  Rendered layout layouts/application.html.erb (Duration: 4.4ms | Allocations: 3815)
Completed 200 OK in 6ms (Views: 5.1ms | Allocations: 4073)


Started GET "/pages/contact" for 127.0.0.1 at 2023-06-22 23:59:53 -0400
Processing by PagesController#contact as HTML
  Rendering layout layouts/application.html.erb
  Rendering pages/contact.html.erb within layouts/application
  Rendered pages/contact.html.erb within layouts/application (Duration: 0.1ms | Allocations: 7)
  Rendered layout layouts/application.html.erb (Duration: 13.5ms | Allocations: 3803)
Completed 200 OK in 18ms (Views: 17.3ms | Allocations: 4061)


Started GET "/pages/projects" for 127.0.0.1 at 2023-06-23 00:03:33 -0400
Processing by PagesController#projects as HTML
  Rendering layout layouts/application.html.erb
  Rendering pages/projects.html.erb within layouts/application
  Rendered pages/projects.html.erb within layouts/application (Duration: 0.6ms | Allocations: 7)
  Rendered layout layouts/application.html.erb (Duration: 175.4ms | Allocations: 3840)
Completed 200 OK in 177ms (Views: 176.4ms | Allocations: 4099)


Started GET "/pages/contact" for 127.0.0.1 at 2023-06-23 00:03:33 -0400
Processing by PagesController#contact as HTML
  Rendering layout layouts/application.html.erb
  Rendering pages/contact.html.erb within layouts/application
  Rendered pages/contact.html.erb within layouts/application (Duration: 0.1ms | Allocations: 7)
  Rendered layout layouts/application.html.erb (Duration: 29.6ms | Allocations: 3806)
Completed 200 OK in 31ms (Views: 30.8ms | Allocations: 4065)


Started GET "/pages/contact" for 127.0.0.1 at 2023-06-23 00:05:22 -0400
Processing by PagesController#contact as HTML
  Rendering layout layouts/application.html.erb
  Rendering pages/contact.html.erb within layouts/application
  Rendered pages/contact.html.erb within layouts/application (Duration: 5.4ms | Allocations: 149)
  Rendered layout layouts/application.html.erb (Duration: 19.2ms | Allocations: 3243)
Completed 200 OK in 26ms (Views: 24.2ms | Allocations: 4149)


Started GET "/pages/home" for 127.0.0.1 at 2023-06-23 00:05:24 -0400
Processing by PagesController#home as HTML
  Rendering layout layouts/application.html.erb
  Rendering pages/home.html.erb within layouts/application
  Rendered pages/home.html.erb within layouts/application (Duration: 5.8ms | Allocations: 97)
  Rendered layout layouts/application.html.erb (Duration: 13.1ms | Allocations: 2574)
Completed 200 OK in 24ms (Views: 14.4ms | Allocations: 2903)


Started GET "/pages/projects" for 127.0.0.1 at 2023-06-23 00:05:25 -0400
Processing by PagesController#projects as HTML
  Rendering layout layouts/application.html.erb
  Rendering pages/projects.html.erb within layouts/application
  Rendered pages/projects.html.erb within layouts/application (Duration: 7.7ms | Allocations: 1640)
  Rendered layout layouts/application.html.erb (Duration: 27.4ms | Allocations: 4029)
Completed 200 OK in 30ms (Views: 28.7ms | Allocations: 4341)


Started GET "/pages/contact" for 127.0.0.1 at 2023-06-23 00:05:28 -0400
Processing by PagesController#contact as HTML
  Rendering layout layouts/application.html.erb
  Rendering pages/contact.html.erb within layouts/application
  Rendered pages/contact.html.erb within layouts/application (Duration: 0.0ms | Allocations: 7)
  Rendered layout layouts/application.html.erb (Duration: 8.1ms | Allocations: 2488)
Completed 200 OK in 10ms (Views: 8.9ms | Allocations: 2746)


Started GET "/pages/projects" for 127.0.0.1 at 2023-06-23 00:05:29 -0400
Processing by PagesController#projects as HTML
  Rendering layout layouts/application.html.erb
  Rendering pages/projects.html.erb within layouts/application
  Rendered pages/projects.html.erb within layouts/application (Duration: 13.2ms | Allocations: 1444)
  Rendered layout layouts/application.html.erb (Duration: 34.2ms | Allocations: 3811)
Completed 200 OK in 36ms (Views: 35.1ms | Allocations: 4069)


Started GET "/pages/home" for 127.0.0.1 at 2023-06-23 00:05:31 -0400
Processing by PagesController#home as HTML
  Rendering layout layouts/application.html.erb
  Rendering pages/home.html.erb within layouts/application
  Rendered pages/home.html.erb within layouts/application (Duration: 0.1ms | Allocations: 7)
  Rendered layout layouts/application.html.erb (Duration: 8.5ms | Allocations: 2488)
Completed 200 OK in 10ms (Views: 9.2ms | Allocations: 2746)


Started GET "/pages/contact" for 127.0.0.1 at 2023-06-23 00:05:53 -0400
Processing by PagesController#contact as HTML
  Rendering layout layouts/application.html.erb
  Rendering pages/contact.html.erb within layouts/application
  Rendered pages/contact.html.erb within layouts/application (Duration: 0.0ms | Allocations: 7)
  Rendered layout layouts/application.html.erb (Duration: 30.8ms | Allocations: 2500)
Completed 200 OK in 32ms (Views: 31.5ms | Allocations: 2758)


Started GET "/pages/contact" for 127.0.0.1 at 2023-06-23 00:09:52 -0400
Processing by PagesController#contact as HTML
  Rendering layout layouts/application.html.erb
  Rendering pages/contact.html.erb within layouts/application
  Rendered pages/contact.html.erb within layouts/application (Duration: 0.5ms | Allocations: 143)
  Rendered layout layouts/application.html.erb (Duration: 22.1ms | Allocations: 3227)
Completed 200 OK in 25ms (Views: 24.3ms | Allocations: 4130)


Started GET "/pages/contact" for 127.0.0.1 at 2023-06-23 00:10:15 -0400
Processing by PagesController#contact as HTML
  Rendering layout layouts/application.html.erb
  Rendering pages/contact.html.erb within layouts/application
  Rendered pages/contact.html.erb within layouts/application (Duration: 0.1ms | Allocations: 7)
  Rendered layout layouts/application.html.erb (Duration: 10.2ms | Allocations: 2488)
Completed 200 OK in 12ms (Views: 10.9ms | Allocations: 2764)


Started GET "/pages/projects" for 127.0.0.1 at 2023-06-23 00:10:16 -0400
Processing by PagesController#projects as HTML
  Rendering layout layouts/application.html.erb
  Rendering pages/projects.html.erb within layouts/application
  Rendered pages/projects.html.erb within layouts/application (Duration: 6.9ms | Allocations: 1638)
  Rendered layout layouts/application.html.erb (Duration: 22.6ms | Allocations: 4005)
Completed 200 OK in 25ms (Views: 23.4ms | Allocations: 4316)


Started GET "/pages/home" for 127.0.0.1 at 2023-06-23 00:10:19 -0400
Processing by PagesController#home as HTML
  Rendering layout layouts/application.html.erb
  Rendering pages/home.html.erb within layouts/application
  Rendered pages/home.html.erb within layouts/application (Duration: 6.9ms | Allocations: 97)
  Rendered layout layouts/application.html.erb (Duration: 15.1ms | Allocations: 2589)
Completed 200 OK in 17ms (Views: 15.9ms | Allocations: 2900)


Started GET "/pages/contact" for 127.0.0.1 at 2023-06-23 00:10:21 -0400
Processing by PagesController#contact as HTML
  Rendering layout layouts/application.html.erb
  Rendering pages/contact.html.erb within layouts/application
  Rendered pages/contact.html.erb within layouts/application (Duration: 0.1ms | Allocations: 7)
  Rendered layout layouts/application.html.erb (Duration: 29.5ms | Allocations: 2506)
Completed 200 OK in 31ms (Views: 30.4ms | Allocations: 2764)


Started GET "/pages/contact" for 127.0.0.1 at 2023-06-23 00:11:35 -0400
Processing by PagesController#contact as HTML
  Rendering layout layouts/application.html.erb
  Rendering pages/contact.html.erb within layouts/application
  Rendered pages/contact.html.erb within layouts/application (Duration: 2.6ms | Allocations: 143)
  Rendered layout layouts/application.html.erb (Duration: 16.9ms | Allocations: 3215)
Completed 200 OK in 21ms (Views: 19.6ms | Allocations: 4118)


Started GET "/pages/projects" for 127.0.0.1 at 2023-06-23 00:12:29 -0400
Processing by PagesController#projects as HTML
  Rendering layout layouts/application.html.erb
  Rendering pages/projects.html.erb within layouts/application
  Rendered pages/projects.html.erb within layouts/application (Duration: 9.6ms | Allocations: 1638)
  Rendered layout layouts/application.html.erb (Duration: 24.9ms | Allocations: 4020)
Completed 200 OK in 30ms (Views: 29.3ms | Allocations: 4349)


Started GET "/pages/projects" for 127.0.0.1 at 2023-06-23 00:13:46 -0400
Processing by PagesController#projects as HTML
  Rendering layout layouts/application.html.erb
  Rendering pages/projects.html.erb within layouts/application
  Rendered pages/projects.html.erb within layouts/application (Duration: 2.3ms | Allocations: 1438)
  Rendered layout layouts/application.html.erb (Duration: 39.6ms | Allocations: 5266)
Completed 200 OK in 50ms (Views: 40.4ms | Allocations: 5522)


Started GET "/pages/contact" for 127.0.0.1 at 2023-06-23 00:13:52 -0400
Processing by PagesController#contact as HTML
  Rendering layout layouts/application.html.erb
  Rendering pages/contact.html.erb within layouts/application
  Rendered pages/contact.html.erb within layouts/application (Duration: 0.1ms | Allocations: 7)
  Rendered layout layouts/application.html.erb (Duration: 10.6ms | Allocations: 2491)
Completed 200 OK in 12ms (Views: 11.5ms | Allocations: 2750)


Started GET "/pages/contact" for 127.0.0.1 at 2023-06-23 00:18:36 -0400
Processing by PagesController#contact as HTML
  Rendering layout layouts/application.html.erb
  Rendering pages/contact.html.erb within layouts/application
  Rendered pages/contact.html.erb within layouts/application (Duration: 5.5ms | Allocations: 142)
  Rendered layout layouts/application.html.erb (Duration: 25.4ms | Allocations: 3233)
Completed 200 OK in 34ms (Views: 32.2ms | Allocations: 4136)


Started GET "/pages/contact" for 127.0.0.1 at 2023-06-23 00:18:37 -0400
Processing by PagesController#contact as HTML
  Rendering layout layouts/application.html.erb
  Rendering pages/contact.html.erb within layouts/application
  Rendered pages/contact.html.erb within layouts/application (Duration: 0.0ms | Allocations: 7)
  Rendered layout layouts/application.html.erb (Duration: 9.6ms | Allocations: 2497)
Completed 200 OK in 15ms (Views: 10.3ms | Allocations: 2771)


Started GET "/pages/contact" for 127.0.0.1 at 2023-06-23 00:19:58 -0400
Processing by PagesController#contact as HTML
  Rendering layout layouts/application.html.erb
  Rendering pages/contact.html.erb within layouts/application
  Rendered pages/contact.html.erb within layouts/application (Duration: 3.0ms | Allocations: 143)
  Rendered layout layouts/application.html.erb (Duration: 10.3ms | Allocations: 3235)
Completed 200 OK in 18ms (Views: 12.5ms | Allocations: 4141)


Started GET "/pages/contact" for 127.0.0.1 at 2023-06-23 00:21:29 -0400
Processing by PagesController#contact as HTML
  Rendering layout layouts/application.html.erb
  Rendering pages/contact.html.erb within layouts/application
  Rendered pages/contact.html.erb within layouts/application (Duration: 0.6ms | Allocations: 142)
  Rendered layout layouts/application.html.erb (Duration: 18.3ms | Allocations: 3236)
Completed 200 OK in 22ms (Views: 20.2ms | Allocations: 4157)


Started GET "/pages/home" for 127.0.0.1 at 2023-06-23 00:21:33 -0400
Processing by PagesController#home as HTML
  Rendering layout layouts/application.html.erb
  Rendering pages/home.html.erb within layouts/application
  Rendered pages/home.html.erb within layouts/application (Duration: 2.2ms | Allocations: 97)
  Rendered layout layouts/application.html.erb (Duration: 8.8ms | Allocations: 2592)
Completed 200 OK in 10ms (Views: 9.4ms | Allocations: 2921)


Started GET "/pages/projects" for 127.0.0.1 at 2023-06-23 00:21:37 -0400
Processing by PagesController#projects as HTML
  Rendering layout layouts/application.html.erb
  Rendering pages/projects.html.erb within layouts/application
  Rendered pages/projects.html.erb within layouts/application (Duration: 13.8ms | Allocations: 1644)
  Rendered layout layouts/application.html.erb (Duration: 30.6ms | Allocations: 4011)
Completed 200 OK in 33ms (Views: 31.8ms | Allocations: 4322)


Started GET "/pages/contact" for 127.0.0.1 at 2023-06-23 00:21:42 -0400
Processing by PagesController#contact as HTML
  Rendering layout layouts/application.html.erb
  Rendering pages/contact.html.erb within layouts/application
  Rendered pages/contact.html.erb within layouts/application (Duration: 0.0ms | Allocations: 7)
  Rendered layout layouts/application.html.erb (Duration: 39.5ms | Allocations: 2485)
Completed 200 OK in 41ms (Views: 40.2ms | Allocations: 2743)


Started GET "/pages/projects" for 127.0.0.1 at 2023-06-23 00:21:45 -0400
Processing by PagesController#projects as HTML
  Rendering layout layouts/application.html.erb
  Rendering pages/projects.html.erb within layouts/application
  Rendered pages/projects.html.erb within layouts/application (Duration: 23.1ms | Allocations: 1438)
  Rendered layout layouts/application.html.erb (Duration: 40.4ms | Allocations: 3820)
Completed 200 OK in 41ms (Views: 41.0ms | Allocations: 4078)


Started GET "/pages/projects" for 127.0.0.1 at 2023-06-23 00:30:16 -0400
Processing by PagesController#projects as HTML
  Rendering layout layouts/application.html.erb
  Rendering pages/projects.html.erb within layouts/application
  Rendered pages/projects.html.erb within layouts/application (Duration: 13.8ms | Allocations: 1826)
  Rendered layout layouts/application.html.erb (Duration: 26.0ms | Allocations: 4656)
Completed 200 OK in 30ms (Views: 28.3ms | Allocations: 5564)


Started GET "/pages/home" for 127.0.0.1 at 2023-06-23 00:30:18 -0400
Processing by PagesController#home as HTML
  Rendering layout layouts/application.html.erb
  Rendering pages/home.html.erb within layouts/application
  Rendered pages/home.html.erb within layouts/application (Duration: 102.1ms | Allocations: 22749)
  Rendered layout layouts/application.html.erb (Duration: 106.0ms | Allocations: 25123)
Completed 200 OK in 108ms (Views: 106.7ms | Allocations: 25452)


Started GET "/pages/contact" for 127.0.0.1 at 2023-06-23 00:30:38 -0400
Processing by PagesController#contact as HTML
  Rendering layout layouts/application.html.erb
  Rendering pages/contact.html.erb within layouts/application
  Rendered pages/contact.html.erb within layouts/application (Duration: 4.3ms | Allocations: 117)
  Rendered layout layouts/application.html.erb (Duration: 9.8ms | Allocations: 2593)
Completed 200 OK in 13ms (Views: 11.1ms | Allocations: 2905)


Started GET "/pages/projects" for 127.0.0.1 at 2023-06-23 00:30:40 -0400
Processing by PagesController#projects as HTML
  Rendering layout layouts/application.html.erb
  Rendering pages/projects.html.erb within layouts/application
  Rendered pages/projects.html.erb within layouts/application (Duration: 3.0ms | Allocations: 1451)
  Rendered layout layouts/application.html.erb (Duration: 16.7ms | Allocations: 3822)
Completed 200 OK in 18ms (Views: 17.7ms | Allocations: 4080)


Started GET "/pages/home" for 127.0.0.1 at 2023-06-23 00:30:41 -0400
Processing by PagesController#home as HTML
  Rendering layout layouts/application.html.erb
  Rendering pages/home.html.erb within layouts/application
  Rendered pages/home.html.erb within layouts/application (Duration: 2.7ms | Allocations: 572)
  Rendered layout layouts/application.html.erb (Duration: 12.1ms | Allocations: 2943)
Completed 200 OK in 20ms (Views: 13.0ms | Allocations: 3201)


Started GET "/pages/home" for 127.0.0.1 at 2023-06-23 00:32:20 -0400
Processing by PagesController#home as HTML
  Rendering layout layouts/application.html.erb
  Rendering pages/home.html.erb within layouts/application
  Rendered pages/home.html.erb within layouts/application (Duration: 2.8ms | Allocations: 879)
  Rendered layout layouts/application.html.erb (Duration: 22.0ms | Allocations: 5136)
Completed 200 OK in 25ms (Views: 23.8ms | Allocations: 6042)


Started GET "/pages/home" for 127.0.0.1 at 2023-06-23 00:32:21 -0400
Processing by PagesController#home as HTML
  Rendering layout layouts/application.html.erb
  Rendering pages/home.html.erb within layouts/application
  Rendered pages/home.html.erb within layouts/application (Duration: 4.4ms | Allocations: 582)
  Rendered layout layouts/application.html.erb (Duration: 11.9ms | Allocations: 2974)
Completed 200 OK in 14ms (Views: 13.4ms | Allocations: 3248)


Started GET "/pages/projects" for 127.0.0.1 at 2023-06-23 00:32:34 -0400
Processing by PagesController#projects as HTML
  Rendering layout layouts/application.html.erb
  Rendering pages/projects.html.erb within layouts/application
  Rendered pages/projects.html.erb within layouts/application (Duration: 3.4ms | Allocations: 1637)
  Rendered layout layouts/application.html.erb (Duration: 7.4ms | Allocations: 4020)
Completed 200 OK in 9ms (Views: 8.4ms | Allocations: 4331)


Started GET "/pages/contact" for 127.0.0.1 at 2023-06-23 00:32:37 -0400
Processing by PagesController#contact as HTML
  Rendering layout layouts/application.html.erb
  Rendering pages/contact.html.erb within layouts/application
  Rendered pages/contact.html.erb within layouts/application (Duration: 23.4ms | Allocations: 116)
  Rendered layout layouts/application.html.erb (Duration: 26.9ms | Allocations: 2595)
Completed 200 OK in 28ms (Views: 27.7ms | Allocations: 2906)


Started GET "/pages/home" for 127.0.0.1 at 2023-06-23 00:32:40 -0400
Processing by PagesController#home as HTML
  Rendering layout layouts/application.html.erb
  Rendering pages/home.html.erb within layouts/application
  Rendered pages/home.html.erb within layouts/application (Duration: 1.1ms | Allocations: 582)
  Rendered layout layouts/application.html.erb (Duration: 8.9ms | Allocations: 2968)
Completed 200 OK in 10ms (Views: 9.5ms | Allocations: 3226)


Started GET "/pages/home" for 127.0.0.1 at 2023-06-23 00:33:10 -0400
Processing by PagesController#home as HTML
  Rendering layout layouts/application.html.erb
  Rendering pages/home.html.erb within layouts/application
  Rendered pages/home.html.erb within layouts/application (Duration: 2.3ms | Allocations: 878)
  Rendered layout layouts/application.html.erb (Duration: 24.1ms | Allocations: 5148)
Completed 200 OK in 28ms (Views: 26.9ms | Allocations: 6051)


Started GET "/pages/home" for 127.0.0.1 at 2023-06-23 00:33:11 -0400
Processing by PagesController#home as HTML
  Rendering layout layouts/application.html.erb
  Rendering pages/home.html.erb within layouts/application
  Rendered pages/home.html.erb within layouts/application (Duration: 1.3ms | Allocations: 582)
  Rendered layout layouts/application.html.erb (Duration: 15.8ms | Allocations: 2974)
Completed 200 OK in 17ms (Views: 16.5ms | Allocations: 3249)


Started GET "/pages/projects" for 127.0.0.1 at 2023-06-23 00:33:15 -0400
Processing by PagesController#projects as HTML
  Rendering layout layouts/application.html.erb
  Rendering pages/projects.html.erb within layouts/application
  Rendered pages/projects.html.erb within layouts/application (Duration: 19.1ms | Allocations: 1637)
  Rendered layout layouts/application.html.erb (Duration: 29.5ms | Allocations: 4017)
Completed 200 OK in 31ms (Views: 30.2ms | Allocations: 4328)


Started GET "/pages/home" for 127.0.0.1 at 2023-06-23 00:33:16 -0400
Processing by PagesController#home as HTML
  Rendering layout layouts/application.html.erb
  Rendering pages/home.html.erb within layouts/application
  Rendered pages/home.html.erb within layouts/application (Duration: 2.8ms | Allocations: 582)
  Rendered layout layouts/application.html.erb (Duration: 17.6ms | Allocations: 2971)
Completed 200 OK in 19ms (Views: 18.3ms | Allocations: 3229)


Started GET "/pages/projects" for 127.0.0.1 at 2023-06-23 00:33:18 -0400
Processing by PagesController#projects as HTML
  Rendering layout layouts/application.html.erb
  Rendering pages/projects.html.erb within layouts/application
  Rendered pages/projects.html.erb within layouts/application (Duration: 3.1ms | Allocations: 1445)
  Rendered layout layouts/application.html.erb (Duration: 7.0ms | Allocations: 3814)
Completed 200 OK in 34ms (Views: 33.0ms | Allocations: 4073)


Started GET "/pages/home" for 127.0.0.1 at 2023-06-23 00:33:20 -0400
Processing by PagesController#home as HTML
  Rendering layout layouts/application.html.erb
  Rendering pages/home.html.erb within layouts/application
  Rendered pages/home.html.erb within layouts/application (Duration: 1.1ms | Allocations: 582)
  Rendered layout layouts/application.html.erb (Duration: 4.8ms | Allocations: 2950)
Completed 200 OK in 6ms (Views: 5.3ms | Allocations: 3208)


Started GET "/pages/home" for 127.0.0.1 at 2023-06-23 00:38:15 -0400
Processing by PagesController#home as HTML
  Rendering layout layouts/application.html.erb
  Rendering pages/home.html.erb within layouts/application
  Rendered pages/home.html.erb within layouts/application (Duration: 5.7ms | Allocations: 880)
  Rendered layout layouts/application.html.erb (Duration: 28.8ms | Allocations: 5152)
Completed 200 OK in 43ms (Views: 36.0ms | Allocations: 6058)


Started GET "/pages/home" for 127.0.0.1 at 2023-06-23 00:38:17 -0400
Processing by PagesController#home as HTML
  Rendering layout layouts/application.html.erb
  Rendering pages/home.html.erb within layouts/application
  Rendered pages/home.html.erb within layouts/application (Duration: 1.5ms | Allocations: 582)
  Rendered layout layouts/application.html.erb (Duration: 4.6ms | Allocations: 2962)
Completed 200 OK in 5ms (Views: 5.1ms | Allocations: 3236)


Started GET "/pages/home" for 127.0.0.1 at 2023-06-23 00:38:46 -0400
Processing by PagesController#home as HTML
  Rendering layout layouts/application.html.erb
  Rendering pages/home.html.erb within layouts/application
  Rendered pages/home.html.erb within layouts/application (Duration: 1.1ms | Allocations: 582)
  Rendered layout layouts/application.html.erb (Duration: 32.9ms | Allocations: 4327)
Completed 200 OK in 34ms (Views: 33.7ms | Allocations: 4584)


Started GET "/pages/home" for 127.0.0.1 at 2023-06-23 00:39:01 -0400
Processing by PagesController#home as HTML
  Rendering layout layouts/application.html.erb
  Rendering pages/home.html.erb within layouts/application
  Rendered pages/home.html.erb within layouts/application (Duration: 7.4ms | Allocations: 586)
  Rendered layout layouts/application.html.erb (Duration: 32.1ms | Allocations: 4332)
Completed 200 OK in 33ms (Views: 32.7ms | Allocations: 4589)


Started GET "/pages/home" for 127.0.0.1 at 2023-06-23 00:39:18 -0400
Processing by PagesController#home as HTML
  Rendering layout layouts/application.html.erb
  Rendering pages/home.html.erb within layouts/application
  Rendered pages/home.html.erb within layouts/application (Duration: 1.0ms | Allocations: 584)
  Rendered layout layouts/application.html.erb (Duration: 24.3ms | Allocations: 4309)
Completed 200 OK in 25ms (Views: 24.8ms | Allocations: 4565)


Started GET "/pages/projects" for 127.0.0.1 at 2023-06-23 00:39:46 -0400
Processing by PagesController#projects as HTML
  Rendering layout layouts/application.html.erb
  Rendering pages/projects.html.erb within layouts/application
  Rendered pages/projects.html.erb within layouts/application (Duration: 13.1ms | Allocations: 1648)
  Rendered layout layouts/application.html.erb (Duration: 23.6ms | Allocations: 4019)
Completed 200 OK in 26ms (Views: 24.2ms | Allocations: 4330)


Started GET "/pages/contact" for 127.0.0.1 at 2023-06-23 00:39:47 -0400
Processing by PagesController#contact as HTML
  Rendering layout layouts/application.html.erb
  Rendering pages/contact.html.erb within layouts/application
  Rendered pages/contact.html.erb within layouts/application (Duration: 2.8ms | Allocations: 116)
  Rendered layout layouts/application.html.erb (Duration: 20.1ms | Allocations: 2623)
Completed 200 OK in 22ms (Views: 21.0ms | Allocations: 2935)


